Oct 31, 2017 9:33:16 PM com.orientechnologies.common.log.OLogManager log
INFO: OrientDB auto-config DISKCACHE=683MB (heap=683MB direct=683MB os=16,384MB), assuming maximum direct memory size equals to maximum JVM heap size
Oct 31, 2017 9:33:16 PM com.orientechnologies.common.log.OLogManager log
WARNING: MaxDirectMemorySize JVM option is not set or has invalid value, that may cause out of memory errors. Please set the -XX:MaxDirectMemorySize=16384m option when you start the JVM.
Oct 31, 2017 9:33:20 PM com.orientechnologies.common.log.OLogManager log
WARNING: $ANSI{green {db=graph-2.0.4}} Requested command 'Committing the active transaction to create the new type 'UsageLocation' as subclass of 'V'. The transaction will be reopen right after that. To avoid this behavior create the classes outside the transaction' must be executed outside active transaction: the transaction will be committed and reopen right after it. To avoid this behavior execute it outside a transaction
Oct 31, 2017 9:33:20 PM com.orientechnologies.common.log.OLogManager log
WARNING: $ANSI{green {db=graph-2.0.4}} Requested command 'create edge type 'UsedAt' as subclass of 'E'' must be executed outside active transaction: the transaction will be committed and reopen right after it. To avoid this behavior execute it outside a transaction
Uncaught error from thread [ENSIME-akka.search-service-dispatcher-9]: GC overhead limit exceeded, shutting down for ActorSystem[ENSIME]
java.lang.OutOfMemoryError: GC overhead limit exceeded
	at scala.tools.scalap.scalax.rules.Rule.$anonfun$$tilde$2(Rule.scala:80)
	at scala.tools.scalap.scalax.rules.Rule$$Lambda$964/1908408829.apply(Unknown Source)
	at scala.tools.scalap.scalax.rules.Rule.$anonfun$map$2(Rule.scala:40)
	at scala.tools.scalap.scalax.rules.Rule$$Lambda$954/1792694140.apply(Unknown Source)
	at scala.tools.scalap.scalax.rules.Rule.$anonfun$flatMap$1(Rule.scala:35)
	at scala.tools.scalap.scalax.rules.Rule$$Lambda$882/1619990856.apply(Unknown Source)
	at scala.tools.scalap.scalax.rules.Rule.$anonfun$mapResult$1(Rule.scala:45)
	at scala.tools.scalap.scalax.rules.Rule$$Lambda$883/1551246631.apply(Unknown Source)
	at scala.tools.scalap.scalax.rules.Rules$DefaultRule.apply(Rules.scala:69)
	at scala.tools.scalap.scalax.rules.Rules$DefaultRule.apply(Rules.scala:67)
	at scala.tools.scalap.scalax.rules.Rule.$anonfun$flatMap$1(Rule.scala:35)
	at scala.tools.scalap.scalax.rules.Rule$$Lambda$882/1619990856.apply(Unknown Source)
	at scala.tools.scalap.scalax.rules.Rule.$anonfun$mapResult$1(Rule.scala:45)
	at scala.tools.scalap.scalax.rules.Rule$$Lambda$883/1551246631.apply(Unknown Source)
	at scala.tools.scalap.scalax.rules.Rules$DefaultRule.apply(Rules.scala:69)
	at scala.tools.scalap.scalax.rules.Rules$DefaultRule.apply(Rules.scala:67)
	at scala.tools.scalap.scalax.rules.Rule.$anonfun$mapResult$1(Rule.scala:45)
	at scala.tools.scalap.scalax.rules.Rule$$Lambda$883/1551246631.apply(Unknown Source)
	at scala.tools.scalap.scalax.rules.Rules$DefaultRule.apply(Rules.scala:69)
	at scala.tools.scalap.scalax.rules.Rules$DefaultRule.apply(Rules.scala:67)
	at scala.tools.scalap.scalax.rules.Rule.$anonfun$mapResult$1(Rule.scala:45)
	at scala.tools.scalap.scalax.rules.Rule$$Lambda$883/1551246631.apply(Unknown Source)
	at scala.tools.scalap.scalax.rules.Rules$DefaultRule.apply(Rules.scala:69)
	at scala.tools.scalap.scalax.rules.Rules$DefaultRule.apply(Rules.scala:67)
	at scala.tools.scalap.scalax.rules.Rule.$anonfun$mapResult$1(Rule.scala:45)
	at scala.tools.scalap.scalax.rules.Rule$$Lambda$883/1551246631.apply(Unknown Source)
	at scala.tools.scalap.scalax.rules.Rules$DefaultRule.apply(Rules.scala:69)
	at scala.tools.scalap.scalax.rules.Rules$DefaultRule.apply(Rules.scala:67)
	at scala.tools.scalap.scalax.rules.SeqRule.rep$2(SeqRule.scala:91)
	at scala.tools.scalap.scalax.rules.SeqRule.$anonfun$times$1(SeqRule.scala:100)
	at scala.tools.scalap.scalax.rules.SeqRule$$Lambda$980/812515087.apply(Unknown Source)
	at scala.tools.scalap.scalax.rules.Rules$DefaultRule.apply(Rules.scala:69)
java.util.concurrent.RejectedExecutionException: Task scala.concurrent.impl.CallbackRunnable@6455dd8c rejected from java.util.concurrent.ThreadPoolExecutor@2d18f77a[Terminated, pool size = 0, active threads = 0, queued tasks = 0, completed tasks = 8]
	at java.util.concurrent.ThreadPoolExecutor$AbortPolicy.rejectedExecution(ThreadPoolExecutor.java:2047)
	at java.util.concurrent.ThreadPoolExecutor.reject(ThreadPoolExecutor.java:823)
	at java.util.concurrent.ThreadPoolExecutor.execute(ThreadPoolExecutor.java:1369)
	at scala.concurrent.impl.ExecutionContextImpl$$anon$1.execute(ExecutionContextImpl.scala:159)
	at scala.concurrent.impl.CallbackRunnable.executeWithValue(Promise.scala:68)
	at scala.concurrent.impl.Promise$KeptPromise$Kept.onComplete(Promise.scala:368)
	at scala.concurrent.impl.Promise$KeptPromise$Kept.onComplete$(Promise.scala:367)
	at scala.concurrent.impl.Promise$KeptPromise$Successful.onComplete(Promise.scala:375)
	at scala.concurrent.impl.Promise.transform(Promise.scala:29)
	at scala.concurrent.impl.Promise.transform$(Promise.scala:27)
	at scala.concurrent.impl.Promise$KeptPromise$Successful.transform(Promise.scala:375)
	at scala.concurrent.Future.map(Future.scala:287)
	at scala.concurrent.Future.map$(Future.scala:287)
	at scala.concurrent.impl.Promise$KeptPromise$Successful.map(Promise.scala:375)
	at scala.concurrent.Future$.apply(Future.scala:653)
	at org.ensime.indexer.lucene.SimpleLucene.update(SimpleLucene.scala:135)
	at org.ensime.indexer.lucene.SimpleLucene.create(SimpleLucene.scala:151)
	at org.ensime.indexer.IndexService.persist(IndexService.scala:128)
	at org.ensime.indexer.SearchService.persist(SearchService.scala:208)
	at org.ensime.indexer.SearchService.$anonfun$refresh$13(SearchService.scala:163)
	at scala.concurrent.Future.$anonfun$flatMap$1(Future.scala:302)
	at scala.concurrent.impl.Promise.$anonfun$transformWith$1(Promise.scala:37)
	at scala.concurrent.impl.CallbackRunnable.run(Promise.scala:60)
	at scala.concurrent.impl.ExecutionContextImpl$AdaptedForkJoinTask.exec(ExecutionContextImpl.scala:140)
	at java.util.concurrent.ForkJoinTask.doExec(ForkJoinTask.java:289)
	at java.util.concurrent.ForkJoinPool$WorkQueue.runTask(ForkJoinPool.java:1056)
	at java.util.concurrent.ForkJoinPool.runWorker(ForkJoinPool.java:1692)
	at java.util.concurrent.ForkJoinWorkerThread.run(ForkJoinWorkerThread.java:157)
java.util.concurrent.RejectedExecutionException: Task scala.concurrent.impl.CallbackRunnable@1a02851c rejected from java.util.concurrent.ThreadPoolExecutor@50f1926d[Shutting down, pool size = 1, active threads = 1, queued tasks = 0, completed tasks = 5]
	at java.util.concurrent.ThreadPoolExecutor$AbortPolicy.rejectedExecution(ThreadPoolExecutor.java:2047)
	at java.util.concurrent.ThreadPoolExecutor.reject(ThreadPoolExecutor.java:823)
	at java.util.concurrent.ThreadPoolExecutor.execute(ThreadPoolExecutor.java:1369)
	at java.util.concurrent.Executors$DelegatedExecutorService.execute(Executors.java:668)
	at scala.concurrent.impl.ExecutionContextImpl.execute(ExecutionContextImpl.scala:20)
	at scala.concurrent.impl.CallbackRunnable.executeWithValue(Promise.scala:68)
	at scala.concurrent.impl.Promise$KeptPromise$Kept.onComplete(Promise.scala:368)
	at scala.concurrent.impl.Promise$KeptPromise$Kept.onComplete$(Promise.scala:367)
	at scala.concurrent.impl.Promise$KeptPromise$Successful.onComplete(Promise.scala:375)
	at scala.concurrent.impl.Promise.transform(Promise.scala:29)
	at scala.concurrent.impl.Promise.transform$(Promise.scala:27)
	at scala.concurrent.impl.Promise$KeptPromise$Successful.transform(Promise.scala:375)
	at scala.concurrent.Future.map(Future.scala:287)
	at scala.concurrent.Future.map$(Future.scala:287)
	at scala.concurrent.impl.Promise$KeptPromise$Successful.map(Promise.scala:375)
	at scala.concurrent.Future$.apply(Future.scala:653)
	at org.ensime.indexer.orientdb.syntax.package$.withGraphAsync(SimpleOrient.scala:176)
	at org.ensime.indexer.graph.GraphService.persist(GraphService.scala:218)
	at org.ensime.indexer.SearchService.persist(SearchService.scala:209)
	at org.ensime.indexer.SearchService.$anonfun$refresh$13(SearchService.scala:163)
	at scala.concurrent.Future.$anonfun$flatMap$1(Future.scala:302)
	at scala.concurrent.impl.Promise.$anonfun$transformWith$1(Promise.scala:37)
	at scala.concurrent.impl.CallbackRunnable.run(Promise.scala:60)
	at scala.concurrent.impl.ExecutionContextImpl$AdaptedForkJoinTask.exec(ExecutionContextImpl.scala:140)
	at java.util.concurrent.ForkJoinTask.doExec(ForkJoinTask.java:289)
	at java.util.concurrent.ForkJoinPool$WorkQueue.runTask(ForkJoinPool.java:1056)
	at java.util.concurrent.ForkJoinPool.runWorker(ForkJoinPool.java:1692)
	at java.util.concurrent.ForkJoinWorkerThread.run(ForkJoinWorkerThread.java:157)
Oct 31, 2017 9:37:07 PM com.orientechnologies.common.log.OLogManager log
SEVERE: $ANSI{green {db=graph-2.0.4}} Exception `7F8CD42F` in storage `graph-2.0.4`
com.orientechnologies.orient.core.exception.OStorageException: Error during transaction commit
	DB name="graph-2.0.4"
	at com.orientechnologies.orient.core.storage.impl.local.OAbstractPaginatedStorage.makeRollback(OAbstractPaginatedStorage.java:2686)
	at com.orientechnologies.orient.core.storage.impl.local.OAbstractPaginatedStorage.commit(OAbstractPaginatedStorage.java:1705)
	at com.orientechnologies.orient.core.tx.OTransactionOptimistic.doCommit(OTransactionOptimistic.java:541)
	at com.orientechnologies.orient.core.tx.OTransactionOptimistic.commit(OTransactionOptimistic.java:99)
	at com.orientechnologies.orient.core.db.document.ODatabaseDocumentTx.commit(ODatabaseDocumentTx.java:2891)
	at com.orientechnologies.orient.core.db.document.ODatabaseDocumentTx.commit(ODatabaseDocumentTx.java:2860)
	at com.tinkerpop.blueprints.impls.orient.OrientTransactionalGraph.commit(OrientTransactionalGraph.java:182)
	at org.ensime.indexer.graph.GraphService.$anonfun$persist$1(GraphService.scala:303)
	at org.ensime.indexer.graph.GraphService.$anonfun$persist$1$adapted(GraphService.scala:218)
	at org.ensime.indexer.orientdb.syntax.package$.withGraph(SimpleOrient.scala:165)
	at org.ensime.indexer.orientdb.syntax.package$.$anonfun$withGraphAsync$2(SimpleOrient.scala:176)
	at scala.concurrent.BlockContext$DefaultBlockContext$.blockOn(BlockContext.scala:53)
	at scala.concurrent.package$.blocking(package.scala:142)
	at org.ensime.indexer.orientdb.syntax.package$.$anonfun$withGraphAsync$1(SimpleOrient.scala:176)
	at scala.concurrent.Future$.$anonfun$apply$1(Future.scala:653)
	at scala.util.Success.$anonfun$map$1(Try.scala:251)
	at scala.util.Success.map(Try.scala:209)
	at scala.concurrent.Future.$anonfun$map$1(Future.scala:287)
	at scala.concurrent.impl.Promise.liftedTree1$1(Promise.scala:29)
	at scala.concurrent.impl.Promise.$anonfun$transform$1(Promise.scala:29)
	at scala.concurrent.impl.CallbackRunnable.run(Promise.scala:60)
	at java.util.concurrent.ThreadPoolExecutor.runWorker(ThreadPoolExecutor.java:1142)
	at java.util.concurrent.ThreadPoolExecutor$Worker.run(ThreadPoolExecutor.java:617)
	at java.lang.Thread.run(Thread.java:748)
Caused by: java.nio.channels.ClosedByInterruptException
	at java.nio.channels.spi.AbstractInterruptibleChannel.end(AbstractInterruptibleChannel.java:202)
	at sun.nio.ch.FileChannelImpl.writeInternal(FileChannelImpl.java:783)
	at sun.nio.ch.FileChannelImpl.write(FileChannelImpl.java:764)
	at com.orientechnologies.orient.core.storage.fs.OFileClassic.writeByteBuffer(OFileClassic.java:901)
	at com.orientechnologies.orient.core.storage.fs.OFileClassic.writeBuffer(OFileClassic.java:534)
	at com.orientechnologies.orient.core.storage.fs.OFileClassic.setSize(OFileClassic.java:552)
	at com.orientechnologies.orient.core.storage.fs.OFileClassic.allocateSpace(OFileClassic.java:71)
	at com.orientechnologies.orient.core.storage.cache.local.OWOWCache.load(OWOWCache.java:765)
	at com.orientechnologies.orient.core.storage.cache.local.twoq.O2QCache.updateCache(O2QCache.java:1149)
	at com.orientechnologies.orient.core.storage.cache.local.twoq.O2QCache.doLoad(O2QCache.java:347)
	at com.orientechnologies.orient.core.storage.cache.local.twoq.O2QCache.allocateNewPage(O2QCache.java:398)
	at com.orientechnologies.orient.core.storage.impl.local.paginated.atomicoperations.OAtomicOperation.commitChanges(OAtomicOperation.java:434)
	at com.orientechnologies.orient.core.storage.impl.local.paginated.atomicoperations.OAtomicOperationsManager.endAtomicOperation(OAtomicOperationsManager.java:468)
	at com.orientechnologies.orient.core.storage.impl.local.OAbstractPaginatedStorage.endStorageTx(OAbstractPaginatedStorage.java:3663)
	at com.orientechnologies.orient.core.storage.impl.local.OAbstractPaginatedStorage.commit(OAbstractPaginatedStorage.java:1698)
	... 22 more

Oct 31, 2017 9:37:07 PM com.orientechnologies.common.log.OLogManager log
SEVERE: Error during write of data for file 'method_3.cpm' 1-th attempt
java.nio.channels.ClosedChannelException
	at sun.nio.ch.FileChannelImpl.ensureOpen(FileChannelImpl.java:110)
	at sun.nio.ch.FileChannelImpl.write(FileChannelImpl.java:758)
	at com.orientechnologies.orient.core.storage.fs.OFileClassic.writeByteBuffer(OFileClassic.java:901)
	at com.orientechnologies.orient.core.storage.fs.OFileClassic.writeInternal(OFileClassic.java:233)
	at com.orientechnologies.orient.core.storage.fs.OFileClassic.write(OFileClassic.java:443)
	at com.orientechnologies.orient.core.storage.cache.local.OWOWCache.flushPage(OWOWCache.java:1614)
	at com.orientechnologies.orient.core.storage.cache.local.OWOWCache.access$2800(OWOWCache.java:73)
	at com.orientechnologies.orient.core.storage.cache.local.OWOWCache$PeriodicFlushTask.iterateByCacheSubRing(OWOWCache.java:1996)
	at com.orientechnologies.orient.core.storage.cache.local.OWOWCache$PeriodicFlushTask.iterateBySubRing(OWOWCache.java:1867)
	at com.orientechnologies.orient.core.storage.cache.local.OWOWCache$PeriodicFlushTask.flushRing(OWOWCache.java:1810)
	at com.orientechnologies.orient.core.storage.cache.local.OWOWCache$PeriodicFlushTask.run(OWOWCache.java:1765)
	at java.util.concurrent.Executors$RunnableAdapter.call(Executors.java:511)
	at java.util.concurrent.FutureTask.runAndReset(FutureTask.java:308)
	at java.util.concurrent.ScheduledThreadPoolExecutor$ScheduledFutureTask.access$301(ScheduledThreadPoolExecutor.java:180)
	at java.util.concurrent.ScheduledThreadPoolExecutor$ScheduledFutureTask.run(ScheduledThreadPoolExecutor.java:294)
	at java.util.concurrent.ThreadPoolExecutor.runWorker(ThreadPoolExecutor.java:1142)
	at java.util.concurrent.ThreadPoolExecutor$Worker.run(ThreadPoolExecutor.java:617)
	at java.lang.Thread.run(Thread.java:748)

